;  LST file generated by mikroListExporter - v.2.0 
; Date/Time: 12/04/2024 09:35:35
;----------------------------------------------

;Address Opcode 	ASM
0x0000	0xF000EF9A  	GOTO        308
0x0004	0x0000      	NOP
0x0006	0x0000      	NOP
0x0008	0xF000EF00  	GOTO        0
0x000C	0x0000      	NOP
0x000E	0x0000      	NOP
0x0010	0x0000      	NOP
0x0012	0x0000      	NOP
0x0014	0x0000      	NOP
0x0016	0x0000      	NOP
0x0018	0xD7F3      	BRA         0
_UART1_Data_Ready:
;__Lib_UART_c67.c,34 :: 		
;__Lib_UART_c67.c,35 :: 		
0x001C	0x0E00      	MOVLW       0
0x001E	0xBA9E      	BTFSC       PIR1, 5 
0x0020	0x0E01      	MOVLW       1
0x0022	0x6E00      	MOVWF       R0 
;__Lib_UART_c67.c,36 :: 		
0x0024	0x0012      	RETURN      0
; end of _UART1_Data_Ready
_UART1_Read:
;__Lib_UART_c67.c,40 :: 		
;__Lib_UART_c67.c,43 :: 		
0x0026	0xF01DCFAE  	MOVFF       RCREG, ___tmp_UART1_Read
;__Lib_UART_c67.c,44 :: 		
0x002A	0xA2AB      	BTFSS       RCSTA, 1 
0x002C	0xD002      	BRA         L_UART1_Read2
;__Lib_UART_c67.c,45 :: 		
0x002E	0x98AB      	BCF         RCSTA, 4 
;__Lib_UART_c67.c,46 :: 		
0x0030	0x88AB      	BSF         RCSTA, 4 
;__Lib_UART_c67.c,47 :: 		
L_UART1_Read2:
;__Lib_UART_c67.c,48 :: 		
0x0032	0xF000C01D  	MOVFF       ___tmp_UART1_Read, R0
;__Lib_UART_c67.c,49 :: 		
0x0036	0x0012      	RETURN      0
; end of _UART1_Read
___CC2DW:
;__Lib_System.c,21 :: 		
;__Lib_System.c,23 :: 		
_CC2DL_Loop1:
;__Lib_System.c,24 :: 		
0x0038	0x0009      	TBLRD*+
;__Lib_System.c,25 :: 		
0x003A	0xFFE6CFF5  	MOVFF       TABLAT, POSTINC1
;__Lib_System.c,26 :: 		
0x003E	0x0600      	DECF        R0, 1, 0
;__Lib_System.c,27 :: 		
0x0040	0xE1FB      	BNZ         _CC2DL_Loop1
;__Lib_System.c,28 :: 		
0x0042	0x0601      	DECF        R1, 1, 0
;__Lib_System.c,29 :: 		
0x0044	0xE1F9      	BNZ         _CC2DL_Loop1
;__Lib_System.c,31 :: 		
0x0046	0x0012      	RETURN      0
; end of ___CC2DW
_UART1_Init:
;__Lib_UART_c67.c,15 :: 		
;__Lib_UART_c67.c,18 :: 		
0x0048	0x0EFF      	MOVLW       _UART1_Write
0x004A	0x6E15      	MOVWF       _UART_Wr_Ptr 
0x004C	0x0EFF      	MOVLW       hi_addr(_UART1_Write)
0x004E	0x6E16      	MOVWF       _UART_Wr_Ptr+1 
0x0050	0x0EFF      	MOVLW       FARG_UART1_Write_data_
0x0052	0x6E17      	MOVWF       _UART_Wr_Ptr+2 
0x0054	0x0EFF      	MOVLW       hi_addr(FARG_UART1_Write_data_)
0x0056	0x6E18      	MOVWF       _UART_Wr_Ptr+3 
;__Lib_UART_c67.c,19 :: 		
0x0058	0x0E26      	MOVLW       _UART1_Read
0x005A	0x6E19      	MOVWF       _UART_Rd_Ptr 
0x005C	0x0E00      	MOVLW       hi_addr(_UART1_Read)
0x005E	0x6E1A      	MOVWF       _UART_Rd_Ptr+1 
0x0060	0x0E00      	MOVLW       0
0x0062	0x6E1B      	MOVWF       _UART_Rd_Ptr+2 
0x0064	0x0E00      	MOVLW       0
0x0066	0x6E1C      	MOVWF       _UART_Rd_Ptr+3 
;__Lib_UART_c67.c,20 :: 		
0x0068	0x0E1C      	MOVLW       _UART1_Data_Ready
0x006A	0x6E27      	MOVWF       _UART_Rdy_Ptr 
0x006C	0x0E00      	MOVLW       hi_addr(_UART1_Data_Ready)
0x006E	0x6E28      	MOVWF       _UART_Rdy_Ptr+1 
0x0070	0x0E00      	MOVLW       0
0x0072	0x6E29      	MOVWF       _UART_Rdy_Ptr+2 
0x0074	0x0E00      	MOVLW       0
0x0076	0x6E2A      	MOVWF       _UART_Rdy_Ptr+3 
;__Lib_UART_c67.c,21 :: 		
0x0078	0x0EFF      	MOVLW       _UART1_Tx_Idle
0x007A	0x6E23      	MOVWF       _UART_Tx_Idle_Ptr 
0x007C	0x0EFF      	MOVLW       hi_addr(_UART1_Tx_Idle)
0x007E	0x6E24      	MOVWF       _UART_Tx_Idle_Ptr+1 
0x0080	0x0E00      	MOVLW       0
0x0082	0x6E25      	MOVWF       _UART_Tx_Idle_Ptr+2 
0x0084	0x0E00      	MOVLW       0
0x0086	0x6E26      	MOVWF       _UART_Tx_Idle_Ptr+3 
;__Lib_UART_c67.c,23 :: 		
0x0088	0x8AAC      	BSF         TXSTA, 5 
;__Lib_UART_c67.c,24 :: 		
0x008A	0x0E90      	MOVLW       144
0x008C	0x6EAB      	MOVWF       RCSTA 
;__Lib_UART_c67.c,25 :: 		
0x008E	0x8E94      	BSF         TRISC7_bit, 7 
;__Lib_UART_c67.c,26 :: 		
0x0090	0x9C94      	BCF         TRISC6_bit, 6 
;__Lib_UART_c67.c,28 :: 		
L_UART1_Init0:
0x0092	0xAA9E      	BTFSS       PIR1, 5 
0x0094	0xD003      	BRA         L_UART1_Init1
;__Lib_UART_c67.c,29 :: 		
0x0096	0xF000CFAE  	MOVFF       RCREG, R0
0x009A	0xD7FB      	BRA         L_UART1_Init0
L_UART1_Init1:
;__Lib_UART_c67.c,30 :: 		
0x009C	0x0012      	RETURN      0
; end of _UART1_Init
_UART1_Read_Text:
;__Lib_UART_c67.c,79 :: 		
;__Lib_UART_c67.c,80 :: 		
0x009E	0x6A31      	CLRF        UART1_Read_Text_out_idx_L0 
0x00A0	0x6A32      	CLRF        UART1_Read_Text_delim_idx_L0 
;__Lib_UART_c67.c,82 :: 		
L_UART1_Read_Text7:
0x00A2	0x522F      	MOVF        FARG_UART1_Read_Text_Attempts, 1 
0x00A4	0xE041      	BZ          L_UART1_Read_Text8
;__Lib_UART_c67.c,84 :: 		
0x00A6	0x502F      	MOVF        FARG_UART1_Read_Text_Attempts, 0 
0x00A8	0x0AFF      	XORLW       255
0x00AA	0xE001      	BZ          L_UART1_Read_Text9
;__Lib_UART_c67.c,85 :: 		
0x00AC	0x062F      	DECF        FARG_UART1_Read_Text_Attempts, 1 
L_UART1_Read_Text9:
;__Lib_UART_c67.c,87 :: 		
L_UART1_Read_Text10:
0x00AE	0xDFB6      	RCALL       _UART1_Data_Ready
0x00B0	0x5000      	MOVF        R0, 0 
0x00B2	0x0A00      	XORLW       0
0x00B4	0xE101      	BNZ         L_UART1_Read_Text11
;__Lib_UART_c67.c,88 :: 		
0x00B6	0xD7FB      	BRA         L_UART1_Read_Text10
L_UART1_Read_Text11:
;__Lib_UART_c67.c,90 :: 		
0x00B8	0xDFB6      	RCALL       _UART1_Read
0x00BA	0xF030C000  	MOVFF       R0, UART1_Read_Text_r_data_L0
;__Lib_UART_c67.c,91 :: 		
0x00BE	0x5031      	MOVF        UART1_Read_Text_out_idx_L0, 0 
0x00C0	0x242B      	ADDWF       FARG_UART1_Read_Text_Output, 0 
0x00C2	0x6EE1      	MOVWF       FSR1L 
0x00C4	0x0E00      	MOVLW       0
0x00C6	0x202C      	ADDWFC      FARG_UART1_Read_Text_Output+1, 0 
0x00C8	0x6EE2      	MOVWF       FSR1H 
0x00CA	0xFFE6C000  	MOVFF       R0, POSTINC1
0x00CE	0x2A31      	INCF        UART1_Read_Text_out_idx_L0, 1 
;__Lib_UART_c67.c,92 :: 		
0x00D0	0x5032      	MOVF        UART1_Read_Text_delim_idx_L0, 0 
0x00D2	0x242D      	ADDWF       FARG_UART1_Read_Text_Delimiter, 0 
0x00D4	0x6EE9      	MOVWF       FSR0L 
0x00D6	0x0E00      	MOVLW       0
0x00D8	0x202E      	ADDWFC      FARG_UART1_Read_Text_Delimiter+1, 0 
0x00DA	0x6EEA      	MOVWF       FSR0H 
0x00DC	0x50EE      	MOVF        POSTINC0, 0 
0x00DE	0x1830      	XORWF       UART1_Read_Text_r_data_L0, 0 
0x00E0	0xE102      	BNZ         L_UART1_Read_Text12
;__Lib_UART_c67.c,93 :: 		
0x00E2	0x2A32      	INCF        UART1_Read_Text_delim_idx_L0, 1 
;__Lib_UART_c67.c,94 :: 		
0x00E4	0xD009      	BRA         L_UART1_Read_Text13
L_UART1_Read_Text12:
;__Lib_UART_c67.c,96 :: 		
0x00E6	0x6A32      	CLRF        UART1_Read_Text_delim_idx_L0 
;__Lib_UART_c67.c,97 :: 		
0x00E8	0xFFE9C02D  	MOVFF       FARG_UART1_Read_Text_Delimiter, FSR0L
0x00EC	0xFFEAC02E  	MOVFF       FARG_UART1_Read_Text_Delimiter+1, FSR0H
0x00F0	0x50EE      	MOVF        POSTINC0, 0 
0x00F2	0x1830      	XORWF       UART1_Read_Text_r_data_L0, 0 
0x00F4	0xE101      	BNZ         L_UART1_Read_Text14
;__Lib_UART_c67.c,98 :: 		
0x00F6	0x2A32      	INCF        UART1_Read_Text_delim_idx_L0, 1 
;__Lib_UART_c67.c,99 :: 		
L_UART1_Read_Text14:
;__Lib_UART_c67.c,100 :: 		
L_UART1_Read_Text13:
;__Lib_UART_c67.c,102 :: 		
0x00F8	0x5032      	MOVF        UART1_Read_Text_delim_idx_L0, 0 
0x00FA	0x242D      	ADDWF       FARG_UART1_Read_Text_Delimiter, 0 
0x00FC	0x6EE9      	MOVWF       FSR0L 
0x00FE	0x0E00      	MOVLW       0
0x0100	0x202E      	ADDWFC      FARG_UART1_Read_Text_Delimiter+1, 0 
0x0102	0x6EEA      	MOVWF       FSR0H 
0x0104	0x50EE      	MOVF        POSTINC0, 0 
0x0106	0x0A00      	XORLW       0
0x0108	0xE10E      	BNZ         L_UART1_Read_Text15
;__Lib_UART_c67.c,103 :: 		
0x010A	0x5032      	MOVF        UART1_Read_Text_delim_idx_L0, 0 
0x010C	0x5C31      	SUBWF       UART1_Read_Text_out_idx_L0, 0 
0x010E	0x6E00      	MOVWF       R0 
0x0110	0x6A01      	CLRF        R1 
0x0112	0x0E00      	MOVLW       0
0x0114	0x5A01      	SUBWFB      R1, 1 
0x0116	0x5000      	MOVF        R0, 0 
0x0118	0x242B      	ADDWF       FARG_UART1_Read_Text_Output, 0 
0x011A	0x6EE1      	MOVWF       FSR1L 
0x011C	0x5001      	MOVF        R1, 0 
0x011E	0x202C      	ADDWFC      FARG_UART1_Read_Text_Output+1, 0 
0x0120	0x6EE2      	MOVWF       FSR1H 
0x0122	0x6AE6      	CLRF        POSTINC1 
;__Lib_UART_c67.c,104 :: 		
0x0124	0x0012      	RETURN      0
;__Lib_UART_c67.c,105 :: 		
L_UART1_Read_Text15:
;__Lib_UART_c67.c,107 :: 		
0x0126	0xD7BD      	BRA         L_UART1_Read_Text7
L_UART1_Read_Text8:
;__Lib_UART_c67.c,108 :: 		
0x0128	0xFFE1C02B  	MOVFF       FARG_UART1_Read_Text_Output, FSR1L
0x012C	0xFFE2C02C  	MOVFF       FARG_UART1_Read_Text_Output+1, FSR1H
0x0130	0x6AE6      	CLRF        POSTINC1 
;__Lib_UART_c67.c,109 :: 		
0x0132	0x0012      	RETURN      0
; end of _UART1_Read_Text
_main:
;acionamento_simples.c,3 :: 		void main()
;acionamento_simples.c,6 :: 		TRISD = 0;
0x0134	0x6A95      	CLRF        TRISD 
;acionamento_simples.c,7 :: 		PORTD = 0;
0x0136	0x6A83      	CLRF        PORTD 
;acionamento_simples.c,9 :: 		UART1_Init(9600);
0x0138	0x0E33      	MOVLW       51
0x013A	0x6EAF      	MOVWF       SPBRG 
0x013C	0x84AC      	BSF         TXSTA, 2, 0
0x013E	0xDF84      	RCALL       _UART1_Init
;acionamento_simples.c,11 :: 		while(1)
L_main0:
;acionamento_simples.c,13 :: 		if(UART1_Data_Ready() == 1)
0x0140	0xDF6D      	RCALL       _UART1_Data_Ready
0x0142	0x5000      	MOVF        R0, 0 
0x0144	0x0A01      	XORLW       1
0x0146	0xE10B      	BNZ         L_main2
;acionamento_simples.c,15 :: 		UART1_Read_Text(dados, ']', 10);
0x0148	0x0E1E      	MOVLW       _dados
0x014A	0x6E2B      	MOVWF       FARG_UART1_Read_Text_Output 
0x014C	0x0E00      	MOVLW       hi_addr(_dados)
0x014E	0x6E2C      	MOVWF       FARG_UART1_Read_Text_Output+1 
0x0150	0x0E5D      	MOVLW       93
0x0152	0x6E2D      	MOVWF       FARG_UART1_Read_Text_Delimiter 
0x0154	0x0E00      	MOVLW       0
0x0156	0x6E2E      	MOVWF       FARG_UART1_Read_Text_Delimiter+1 
0x0158	0x0E0A      	MOVLW       10
0x015A	0x6E2F      	MOVWF       FARG_UART1_Read_Text_Attempts 
0x015C	0xDFA0      	RCALL       _UART1_Read_Text
;acionamento_simples.c,16 :: 		}
L_main2:
;acionamento_simples.c,17 :: 		if(dados[0] == '[')
0x015E	0x501E      	MOVF        _dados, 0 
0x0160	0x0A5B      	XORLW       91
0x0162	0xE10B      	BNZ         L_main3
;acionamento_simples.c,19 :: 		if(dados[1] == '1') // LED
0x0164	0x501F      	MOVF        _dados+1, 0 
0x0166	0x0A31      	XORLW       49
0x0168	0xE108      	BNZ         L_main4
;acionamento_simples.c,21 :: 		if(dados[2] == '0')  //Nível Lógico
0x016A	0x5020      	MOVF        _dados+2, 0 
0x016C	0x0A30      	XORLW       48
0x016E	0xE101      	BNZ         L_main5
;acionamento_simples.c,23 :: 		PORTD.RD0 = 0;
0x0170	0x9083      	BCF         PORTD, 0 
;acionamento_simples.c,24 :: 		}
L_main5:
;acionamento_simples.c,25 :: 		if(dados[2] == '1')  //Nível Lógico
0x0172	0x5020      	MOVF        _dados+2, 0 
0x0174	0x0A31      	XORLW       49
0x0176	0xE101      	BNZ         L_main6
;acionamento_simples.c,27 :: 		PORTD.RD0 = 1;
0x0178	0x8083      	BSF         PORTD, 0 
;acionamento_simples.c,28 :: 		}
L_main6:
;acionamento_simples.c,29 :: 		}
L_main4:
;acionamento_simples.c,30 :: 		}
L_main3:
;acionamento_simples.c,31 :: 		}
0x017A	0xD7E2      	BRA         L_main0
;acionamento_simples.c,32 :: 		}
0x017C	0xD7FF      	BRA         $+0
; end of _main
Symbol List:
//** Routines locations **
//ADDRESS    SIZE    PROCEDURE
//----------------------------------------------
0x001C      [10]    _UART1_Data_Ready
0x0026      [18]    _UART1_Read
0x0038      [16]    ___CC2DW
0x0048      [86]    _UART1_Init
0x009E     [150]    _UART1_Read_Text
0x0134      [74]    _main
//** Variables locations ** 
//ADDRESS    SIZE    VARIABLE
//----------------------------------------------
0x0000       [1]    R0
0x0000       [1]    UART1_Init_tmp_L0
0x0001       [1]    R1
0x0002       [1]    R2
0x0003       [1]    R3
0x0004       [1]    R4
0x0005       [1]    R5
0x0006       [1]    R6
0x0007       [1]    R7
0x0008       [1]    R8
0x0009       [1]    R9
0x000A       [1]    R10
0x000B       [1]    R11
0x000C       [1]    R12
0x000D       [1]    R13
0x000E       [1]    R14
0x000F       [1]    R15
0x0010       [1]    R16
0x0011       [1]    R17
0x0012       [1]    R18
0x0013       [1]    R19
0x0014       [1]    R20
0x0015       [4]    _UART_Wr_Ptr
0x0019       [4]    _UART_Rd_Ptr
0x001D       [1]    ___tmp_UART1_Read
0x001E       [5]    _dados
0x0023       [4]    _UART_Tx_Idle_Ptr
0x0027       [4]    _UART_Rdy_Ptr
0x002B       [2]    FARG_UART1_Read_Text_Output
0x002D       [2]    FARG_UART1_Read_Text_Delimiter
0x002F       [1]    FARG_UART1_Read_Text_Attempts
0x0030       [1]    UART1_Read_Text_r_data_L0
0x0031       [1]    UART1_Read_Text_out_idx_L0
0x0032       [1]    UART1_Read_Text_delim_idx_L0
0x0F80       [0]    NOT_SS_bit
0x0F80       [0]    LVDIN_bit
0x0F80       [0]    RA0_bit
0x0F80       [0]    RA5_bit
0x0F80       [0]    RA6_bit
0x0F80       [0]    RA7_bit
0x0F80       [0]    RA4_bit
0x0F80       [0]    RA1_bit
0x0F80       [0]    RA2_bit
0x0F80       [0]    RA3_bit
0x0F80       [0]    CVREF_bit
0x0F80       [0]    AN3_bit
0x0F80       [0]    T0CKI_bit
0x0F80       [0]    AN4_bit
0x0F80       [0]    AN2_bit
0x0F80       [1]    PORTA
0x0F80       [0]    AN0_bit
0x0F80       [0]    AN1_bit
0x0F80       [0]    SS_bit
0x0F80       [0]    CLKO_bit
0x0F80       [0]    CLKI_bit
0x0F80       [0]    VREFP_bit
0x0F80       [0]    OSC2_bit
0x0F80       [0]    OSC1_bit
0x0F80       [0]    VREFN_bit
0x0F81       [0]    AN10_bit
0x0F81       [0]    AN8_bit
0x0F81       [0]    RB6_bit
0x0F81       [0]    RB7_bit
0x0F81       [0]    INT0_bit
0x0F81       [0]    RB0_bit
0x0F81       [0]    PGM_bit
0x0F81       [0]    PGC_bit
0x0F81       [0]    PGD_bit
0x0F81       [0]    AN9_bit
0x0F81       [0]    AN11_bit
0x0F81       [0]    RB5_bit
0x0F81       [0]    RB1_bit
0x0F81       [0]    RB3_bit
0x0F81       [0]    KBI2_bit
0x0F81       [0]    CCP2_PORTB_bit
0x0F81       [0]    KBI1_bit
0x0F81       [0]    RB2_bit
0x0F81       [0]    KBI0_bit
0x0F81       [0]    INT2_bit
0x0F81       [0]    INT1_bit
0x0F81       [1]    PORTB
0x0F81       [0]    AN12_bit
0x0F81       [0]    KBI3_bit
0x0F81       [0]    RB4_bit
0x0F82       [0]    RC3_bit
0x0F82       [0]    RC1_bit
0x0F82       [0]    RC0_bit
0x0F82       [0]    RC2_bit
0x0F82       [0]    RX__bit
0x0F82       [0]    T13CKI_bit
0x0F82       [0]    TX_bit
0x0F82       [0]    RC7_bit
0x0F82       [0]    SDO_bit
0x0F82       [0]    CCP2_PORTC_bit
0x0F82       [0]    CK_bit
0x0F82       [0]    T1CKI_bit
0x0F82       [0]    SDA_bit
0x0F82       [1]    PORTC
0x0F82       [0]    SCL_bit
0x0F82       [0]    RC5_bit
0x0F82       [0]    CCP1_bit
0x0F82       [0]    T1OSI_bit
0x0F82       [0]    T1OSO_bit
0x0F82       [0]    RC4_bit
0x0F82       [0]    SCK_bit
0x0F82       [0]    SDI_bit
0x0F82       [0]    RC6_bit
0x0F83       [0]    PSP4_bit
0x0F83       [1]    PORTD
0x0F83       [0]    P1B_bit
0x0F83       [0]    PSP7_bit
0x0F83       [0]    P1C_bit
0x0F83       [0]    P1D_bit
0x0F83       [0]    RD7_bit
0x0F83       [0]    PSP5_bit
0x0F83       [0]    PSP6_bit
0x0F83       [0]    RD6_bit
0x0F83       [0]    RD1_bit
0x0F83       [0]    RD0_bit
0x0F83       [0]    RD4_bit
0x0F83       [0]    PSP3_bit
0x0F83       [0]    PSP1_bit
0x0F83       [0]    PSP0_bit
0x0F83       [0]    PSP2_bit
0x0F83       [0]    RD3_bit
0x0F83       [0]    RD5_bit
0x0F83       [0]    RD2_bit
0x0F84       [0]    AN5_bit
0x0F84       [0]    AN7_bit
0x0F84       [0]    NOT_CS_bit
0x0F84       [0]    NOT_WR_bit
0x0F84       [0]    MCLR_bit
0x0F84       [0]    RD_bit
0x0F84       [0]    VPP_bit
0x0F84       [0]    CS_bit
0x0F84       [0]    WR_bit
0x0F84       [0]    NOT_RD_bit
0x0F84       [0]    NOT_MCLR_bit
0x0F84       [0]    RE1_bit
0x0F84       [0]    RE2_bit
0x0F84       [0]    AN6_bit
0x0F84       [1]    PORTE
0x0F84       [0]    RE0_bit
0x0F84       [0]    RE3_bit
0x0F89       [0]    LATA4_bit
0x0F89       [1]    LATA
0x0F89       [0]    LATA0_bit
0x0F89       [0]    LATA6_bit
0x0F89       [0]    LATA1_bit
0x0F89       [0]    LATA5_bit
0x0F89       [0]    LATA3_bit
0x0F89       [0]    LATA7_bit
0x0F89       [0]    LATA2_bit
0x0F8A       [0]    LATB7_bit
0x0F8A       [0]    LATB2_bit
0x0F8A       [1]    LATB
0x0F8A       [0]    LATB6_bit
0x0F8A       [0]    LATB3_bit
0x0F8A       [0]    LATB0_bit
0x0F8A       [0]    LATB1_bit
0x0F8A       [0]    LATB4_bit
0x0F8A       [0]    LATB5_bit
0x0F8B       [0]    LATC3_bit
0x0F8B       [0]    LATC7_bit
0x0F8B       [0]    LATC2_bit
0x0F8B       [0]    LATC5_bit
0x0F8B       [0]    LATC0_bit
0x0F8B       [0]    LATC6_bit
0x0F8B       [0]    LATC1_bit
0x0F8B       [0]    LATC4_bit
0x0F8B       [1]    LATC
0x0F8C       [0]    LATD6_bit
0x0F8C       [0]    LATD7_bit
0x0F8C       [0]    LATD3_bit
0x0F8C       [0]    LATD0_bit
0x0F8C       [0]    LATD5_bit
0x0F8C       [1]    LATD
0x0F8C       [0]    LATD2_bit
0x0F8C       [0]    LATD1_bit
0x0F8C       [0]    LATD4_bit
0x0F8D       [0]    LATE0_bit
0x0F8D       [1]    LATE
0x0F8D       [0]    LATE1_bit
0x0F8D       [0]    LATE2_bit
0x0F92       [0]    TRISA1_bit
0x0F92       [0]    TRISA5_bit
0x0F92       [0]    TRISA3_bit
0x0F92       [0]    TRISA6_bit
0x0F92       [0]    TRISA7_bit
0x0F92       [0]    TRISA0_bit
0x0F92       [0]    TRISA2_bit
0x0F92       [0]    TRISA4_bit
0x0F92       [1]    TRISA
0x0F93       [0]    TRISB5_bit
0x0F93       [0]    TRISB7_bit
0x0F93       [0]    TRISB6_bit
0x0F93       [0]    TRISB2_bit
0x0F93       [0]    TRISB3_bit
0x0F93       [0]    TRISB1_bit
0x0F93       [0]    TRISB0_bit
0x0F93       [1]    TRISB
0x0F93       [0]    TRISB4_bit
0x0F94       [1]    TRISC
0x0F94       [0]    TRISC1_bit
0x0F94       [0]    TRISC2_bit
0x0F94       [0]    TRISC6_bit
0x0F94       [0]    TRISC7_bit
0x0F94       [0]    TRISC4_bit
0x0F94       [0]    TRISC3_bit
0x0F94       [0]    TRISC0_bit
0x0F94       [0]    TRISC5_bit
0x0F95       [0]    TRISD5_bit
0x0F95       [0]    TRISD4_bit
0x0F95       [0]    TRISD1_bit
0x0F95       [0]    TRISD0_bit
0x0F95       [0]    TRISD3_bit
0x0F95       [0]    TRISD2_bit
0x0F95       [1]    TRISD
0x0F95       [0]    TRISD7_bit
0x0F95       [0]    TRISD6_bit
0x0F96       [0]    PSPMODE_TRISE_bit
0x0F96       [0]    TRISE2_bit
0x0F96       [1]    TRISE
0x0F96       [0]    IBOV_TRISE_bit
0x0F96       [0]    OBF_TRISE_bit
0x0F96       [0]    IBF_bit
0x0F96       [0]    OBF_bit
0x0F96       [0]    IBOV_bit
0x0F96       [0]    TRISE0_bit
0x0F96       [0]    PSPMODE_bit
0x0F96       [0]    TRISE1_bit
0x0F96       [0]    IBF_TRISE_bit
0x0F9B       [0]    TUN3_bit
0x0F9B       [0]    TUN0_bit
0x0F9B       [0]    TUN2_bit
0x0F9B       [1]    OSCTUNE
0x0F9B       [0]    TUN4_bit
0x0F9B       [0]    TUN1_bit
0x0F9B       [0]    INTSRC_bit
0x0F9B       [0]    PLLEN_bit
0x0F9D       [0]    RCIE_bit
0x0F9D       [0]    SSPIE_bit
0x0F9D       [1]    PIE1
0x0F9D       [0]    TXIE_bit
0x0F9D       [0]    TMR2IE_bit
0x0F9D       [0]    TMR1IE_bit
0x0F9D       [0]    CCP1IE_bit
0x0F9D       [0]    ADIE_bit
0x0F9D       [0]    PSPIE_bit
0x0F9E       [0]    TXIF_bit
0x0F9E       [0]    RCIF_bit
0x0F9E       [0]    TMR1IF_bit
0x0F9E       [0]    SSPIF_bit
0x0F9E       [1]    PIR1
0x0F9E       [0]    CCP1IF_bit
0x0F9E       [0]    TMR2IF_bit
0x0F9E       [0]    PSPIF_bit
0x0F9E       [0]    ADIF_bit
0x0F9F       [0]    CCP1IP_bit
0x0F9F       [0]    TMR2IP_bit
0x0F9F       [0]    ADIP_bit
0x0F9F       [1]    IPR1
0x0F9F       [0]    RCIP_bit
0x0F9F       [0]    TXIP_bit
0x0F9F       [0]    SSPIP_bit
0x0F9F       [0]    PSPIP_bit
0x0F9F       [0]    TMR1IP_bit
0x0FA0       [1]    PIE2
0x0FA0       [0]    CCP2IE_bit
0x0FA0       [0]    EEIE_bit
0x0FA0       [0]    CMIE_bit
0x0FA0       [0]    HLVDIE_bit
0x0FA0       [0]    BCLIE_bit
0x0FA0       [0]    TMR3IE_bit
0x0FA0       [0]    LVDIE_bit
0x0FA0       [0]    OSCFIE_bit
0x0FA1       [0]    TMR3IF_bit
0x0FA1       [0]    CCP2IF_bit
0x0FA1       [0]    CMIF_bit
0x0FA1       [0]    EEIF_bit
0x0FA1       [0]    BCLIF_bit
0x0FA1       [0]    HLVDIF_bit
0x0FA1       [0]    OSCFIF_bit
0x0FA1       [1]    PIR2
0x0FA1       [0]    LVDIF_bit
0x0FA2       [0]    CMIP_bit
0x0FA2       [0]    EEIP_bit
0x0FA2       [0]    LVDIP_bit
0x0FA2       [0]    OSCFIP_bit
0x0FA2       [0]    BCLIP_bit
0x0FA2       [0]    CCP2IP_bit
0x0FA2       [1]    IPR2
0x0FA2       [0]    HLVDIP_bit
0x0FA2       [0]    TMR3IP_bit
0x0FA6       [0]    WR_EECON1_bit
0x0FA6       [0]    WREN_bit
0x0FA6       [1]    EECON1
0x0FA6       [0]    RD_EECON1_bit
0x0FA6       [0]    CFGS_bit
0x0FA6       [0]    EEPGD_bit
0x0FA6       [0]    WRERR_bit
0x0FA6       [0]    FREE_bit
0x0FA7       [1]    EECON2
0x0FA8       [1]    EEDATA
0x0FA9       [1]    EEADR
0x0FAB       [0]    SPEN_bit
0x0FAB       [0]    CREN_bit
0x0FAB       [0]    ADDEN_bit
0x0FAB       [1]    RCSTA
0x0FAB       [0]    FERR_bit
0x0FAB       [0]    OERR_bit
0x0FAB       [0]    RX9D_bit
0x0FAB       [0]    RX9_bit
0x0FAB       [0]    SREN_bit
0x0FAB       [0]    ADEN_bit
0x0FAC       [0]    SYNC_bit
0x0FAC       [0]    TX9D_bit
0x0FAC       [0]    BRGH_bit
0x0FAC       [0]    TRMT_bit
0x0FAC       [0]    TXEN_bit
0x0FAC       [0]    TX9_bit
0x0FAC       [0]    CSRC_bit
0x0FAC       [1]    TXSTA
0x0FAC       [0]    SENDB_bit
0x0FAD       [1]    TXREG
0x0FAE       [1]    RCREG
0x0FAF       [1]    SPBRG
0x0FB0       [1]    SPBRGH
0x0FB1       [0]    T3CCP2_bit
0x0FB1       [0]    T3SYNC_bit
0x0FB1       [0]    T3CCP1_bit
0x0FB1       [0]    TMR3CS_bit
0x0FB1       [0]    TMR3ON_bit
0x0FB1       [0]    NOT_T3SYNC_bit
0x0FB1       [0]    RD16_bit
0x0FB1       [0]    T3CKPS1_bit
0x0FB1       [1]    T3CON
0x0FB1       [0]    T3CKPS0_bit
0x0FB2       [1]    TMR3L
0x0FB3       [1]    TMR3H
0x0FB4       [0]    C2OUT_bit
0x0FB4       [0]    CM0_bit
0x0FB4       [0]    CM2_bit
0x0FB4       [0]    C1OUT_bit
0x0FB4       [0]    CM1_bit
0x0FB4       [0]    C2INV_bit
0x0FB4       [0]    CIS_bit
0x0FB4       [1]    CMCON
0x0FB4       [0]    C1INV_bit
0x0FB5       [1]    CVRCON
0x0FB5       [0]    CVROE_bit
0x0FB5       [0]    CVREN_bit
0x0FB5       [0]    CVR3_bit
0x0FB5       [0]    CVR1_bit
0x0FB5       [0]    CVRSS_bit
0x0FB5       [0]    CVRR_bit
0x0FB5       [0]    CVR0_bit
0x0FB5       [0]    CVR2_bit
0x0FB6       [1]    ECCP1AS
0x0FB6       [0]    ECCPAS2_bit
0x0FB6       [0]    ECCPAS0_bit
0x0FB6       [0]    ECCPAS1_bit
0x0FB6       [0]    ECCPASE_bit
0x0FB6       [0]    PSSBD1_bit
0x0FB6       [0]    PSSBD0_bit
0x0FB6       [0]    PSSAC1_bit
0x0FB6       [0]    PSSAC0_bit
0x0FB7       [0]    PDC1_bit
0x0FB7       [0]    PDC2_bit
0x0FB7       [1]    PWM1CON
0x0FB7       [0]    PDC0_bit
0x0FB7       [0]    PRSEN_bit
0x0FB7       [0]    PDC4_bit
0x0FB7       [0]    PDC5_bit
0x0FB7       [0]    PDC3_bit
0x0FB7       [0]    PDC6_bit
0x0FB8       [0]    WUE_bit
0x0FB8       [0]    ABDEN_bit
0x0FB8       [1]    BAUDCON
0x0FB8       [0]    BRG16_bit
0x0FB8       [0]    TXCKP_bit
0x0FB8       [0]    RXDTP_bit
0x0FB8       [0]    SCKP_bit
0x0FB8       [0]    RCIDL_bit
0x0FB8       [0]    ABDOVF_bit
0x0FB8       [0]    RCMT_bit
0x0FB8       [1]    BAUDCTL
0x0FBA       [0]    CCP2M3_bit
0x0FBA       [0]    DC2B0_bit
0x0FBA       [0]    DC2B1_bit
0x0FBA       [0]    CCP2M1_bit
0x0FBA       [0]    CCP2M0_bit
0x0FBA       [0]    CCP2M2_bit
0x0FBA       [0]    CCP2Y_bit
0x0FBA       [1]    CCP2CON
0x0FBA       [0]    CCP2X_bit
0x0FBB       [1]    CCPR2L
0x0FBB       [2]    CCPR2
0x0FBC       [1]    CCPR2H
0x0FBD       [0]    CCP1M2_bit
0x0FBD       [0]    P1M1_bit
0x0FBD       [0]    CCP1Y_bit
0x0FBD       [0]    CCP1X_bit
0x0FBD       [0]    P1M0_bit
0x0FBD       [0]    CCP1M3_bit
0x0FBD       [0]    DC1B0_bit
0x0FBD       [0]    DC1B1_bit
0x0FBD       [0]    CCP1M1_bit
0x0FBD       [1]    CCP1CON
0x0FBD       [0]    CCP1M0_bit
0x0FBE       [1]    CCPR1L
0x0FBE       [2]    CCPR1
0x0FBF       [1]    CCPR1H
0x0FC0       [0]    ACQT0_bit
0x0FC0       [0]    ADCS2_bit
0x0FC0       [0]    ADFM_bit
0x0FC0       [0]    ACQT1_bit
0x0FC0       [0]    ACQT2_bit
0x0FC0       [1]    ADCON2
0x0FC0       [0]    ADCS0_bit
0x0FC0       [0]    ADCS1_bit
0x0FC1       [0]    PCFG3_bit
0x0FC1       [0]    PCFG2_bit
0x0FC1       [0]    VCFG1_bit
0x0FC1       [0]    VCFG0_bit
0x0FC1       [1]    ADCON1
0x0FC1       [0]    PCFG0_bit
0x0FC1       [0]    PCFG1_bit
0x0FC2       [0]    CHS3_bit
0x0FC2       [0]    CHS2_bit
0x0FC2       [0]    DONE_bit
0x0FC2       [0]    GO_DONE_bit
0x0FC2       [0]    NOT_DONE_bit
0x0FC2       [0]    ADON_bit
0x0FC2       [1]    ADCON0
0x0FC2       [0]    GO_bit
0x0FC2       [0]    CHS1_bit
0x0FC2       [0]    CHS0_bit
0x0FC3       [2]    ADRES
0x0FC3       [1]    ADRESL
0x0FC4       [1]    ADRESH
0x0FC5       [0]    SEN_bit
0x0FC5       [0]    ACKEN_bit
0x0FC5       [0]    RSEN_bit
0x0FC5       [0]    RCEN_bit
0x0FC5       [0]    PEN_bit
0x0FC5       [0]    GCEN_bit
0x0FC5       [1]    SSPCON2
0x0FC5       [0]    ACKDT_bit
0x0FC5       [0]    ACKSTAT_bit
0x0FC6       [0]    SSPM2_bit
0x0FC6       [0]    SSPOV_bit
0x0FC6       [0]    WCOL_bit
0x0FC6       [0]    SSPEN_bit
0x0FC6       [0]    SSPM3_bit
0x0FC6       [0]    CKP_bit
0x0FC6       [0]    SSPM1_bit
0x0FC6       [1]    SSPCON1
0x0FC6       [0]    SSPM0_bit
0x0FC7       [0]    SMP_bit
0x0FC7       [0]    NOT_W_bit
0x0FC7       [0]    D_bit
0x0FC7       [0]    CKE_bit
0x0FC7       [0]    NOT_A_bit
0x0FC7       [0]    D_A_bit
0x0FC7       [0]    NOT_WRITE_bit
0x0FC7       [0]    NOT_ADDRESS_bit
0x0FC7       [0]    R_W_bit
0x0FC7       [0]    UA_bit
0x0FC7       [0]    BF_bit
0x0FC7       [1]    SSPSTAT
0x0FC7       [0]    P_bit
0x0FC7       [0]    S_bit
0x0FC7       [0]    R_bit
0x0FC8       [1]    SSPADD
0x0FC9       [1]    SSPBUF
0x0FCA       [0]    T2OUTPS1_bit
0x0FCA       [0]    T2OUTPS0_bit
0x0FCA       [0]    T2OUTPS3_bit
0x0FCA       [0]    T2OUTPS2_bit
0x0FCA       [0]    T2CKPS0_bit
0x0FCA       [1]    T2CON
0x0FCA       [0]    TMR2ON_bit
0x0FCA       [0]    T2CKPS1_bit
0x0FCB       [1]    PR2
0x0FCC       [1]    TMR2
0x0FCD       [0]    RD16_T1CON_bit
0x0FCD       [0]    TMR1ON_bit
0x0FCD       [1]    T1CON
0x0FCD       [0]    NOT_T1SYNC_bit
0x0FCD       [0]    T1RUN_bit
0x0FCD       [0]    T1CKPS1_bit
0x0FCD       [0]    T1CKPS0_bit
0x0FCD       [0]    TMR1CS_bit
0x0FCD       [0]    T1SYNC_bit
0x0FCD       [0]    T1OSCEN_bit
0x0FCE       [1]    TMR1L
0x0FCF       [1]    TMR1H
0x0FD0       [0]    NOT_TO_bit
0x0FD0       [0]    NOT_PD_bit
0x0FD0       [1]    RCON
0x0FD0       [0]    NOT_RI_bit
0x0FD0       [0]    TO__bit
0x0FD0       [0]    RI_bit
0x0FD0       [0]    PD_bit
0x0FD0       [0]    BOR_bit
0x0FD0       [0]    POR_bit
0x0FD0       [0]    SBOREN_bit
0x0FD0       [0]    IPEN_bit
0x0FD0       [0]    NOT_BOR_bit
0x0FD0       [0]    NOT_POR_bit
0x0FD1       [1]    WDTCON
0x0FD1       [0]    SWDTE_bit
0x0FD1       [0]    SWDTEN_bit
0x0FD2       [0]    VDIRMAG_bit
0x0FD2       [0]    HLVDEN_bit
0x0FD2       [0]    HLVDL3_bit
0x0FD2       [1]    LVDCON
0x0FD2       [1]    HLVDCON
0x0FD2       [0]    IVRST_bit
0x0FD2       [0]    HLVDL2_bit
0x0FD2       [0]    LVDL1_bit
0x0FD2       [0]    LVDL2_bit
0x0FD2       [0]    LVV0_bit
0x0FD2       [0]    LVV1_bit
0x0FD2       [0]    LVV2_bit
0x0FD2       [0]    LVDL0_bit
0x0FD2       [0]    IRVST_bit
0x0FD2       [0]    BGST_bit
0x0FD2       [0]    HLVDL0_bit
0x0FD2       [0]    HLVDL1_bit
0x0FD2       [0]    LVDL3_bit
0x0FD2       [0]    LVDEN_bit
0x0FD2       [0]    LVV3_bit
0x0FD3       [0]    OSTS_bit
0x0FD3       [1]    OSCCON
0x0FD3       [0]    IOFS_bit
0x0FD3       [0]    FLTS_bit
0x0FD3       [0]    SCS0_bit
0x0FD3       [0]    SCS1_bit
0x0FD3       [0]    IRCF1_bit
0x0FD3       [0]    IRCF0_bit
0x0FD3       [0]    IDLEN_bit
0x0FD3       [0]    IRCF2_bit
0x0FD5       [0]    T0CS_bit
0x0FD5       [0]    T08BIT_bit
0x0FD5       [0]    PSA_bit
0x0FD5       [0]    T0SE_bit
0x0FD5       [0]    TMR0ON_bit
0x0FD5       [0]    T0PS2_bit
0x0FD5       [0]    T0PS1_bit
0x0FD5       [1]    T0CON
0x0FD5       [0]    T0PS0_bit
0x0FD6       [1]    TMR0L
0x0FD7       [1]    TMR0H
0x0FD8       [1]    STATUS
0x0FD8       [0]    Z_bit
0x0FD8       [0]    OV_bit
0x0FD8       [0]    DC_bit
0x0FD8       [0]    C_bit
0x0FD8       [0]    N_bit
0x0FD9       [2]    FSR2
0x0FD9       [2]    FSR2PTR
0x0FD9       [1]    FSR2L
0x0FDA       [1]    FSR2H
0x0FDB       [1]    PLUSW2
0x0FDC       [1]    PREINC2
0x0FDD       [1]    POSTDEC2
0x0FDE       [1]    POSTINC2
0x0FDF       [1]    INDF2
0x0FE0       [1]    BSR
0x0FE1       [2]    FSR1
0x0FE1       [2]    FSR1PTR
0x0FE1       [1]    FSR1L
0x0FE2       [1]    FSR1H
0x0FE3       [1]    PLUSW1
0x0FE4       [1]    PREINC1
0x0FE5       [1]    POSTDEC1
0x0FE6       [1]    POSTINC1
0x0FE7       [1]    INDF1
0x0FE8       [1]    WREG
0x0FE9       [1]    FSR0L
0x0FE9       [2]    FSR0PTR
0x0FE9       [2]    FSR0
0x0FEA       [1]    FSR0H
0x0FEB       [1]    PLUSW0
0x0FEC       [1]    PREINC0
0x0FED       [1]    POSTDEC0
0x0FEE       [1]    POSTINC0
0x0FEF       [1]    INDF0
0x0FF0       [1]    INTCON3
0x0FF0       [0]    INT1IE_bit
0x0FF0       [0]    INT1IF_bit
0x0FF0       [0]    INT2P_bit
0x0FF0       [0]    INT2IP_bit
0x0FF0       [0]    INT1IP_bit
0x0FF0       [0]    INT2IE_bit
0x0FF0       [0]    INT2E_bit
0x0FF0       [0]    INT1E_bit
0x0FF0       [0]    INT2IF_bit
0x0FF0       [0]    INT1F_bit
0x0FF0       [0]    INT1P_bit
0x0FF0       [0]    INT2F_bit
0x0FF1       [0]    TMR0IP_bit
0x0FF1       [0]    RBIP_bit
0x0FF1       [0]    RBPU_bit
0x0FF1       [1]    INTCON2
0x0FF1       [0]    NOT_RBPU_bit
0x0FF1       [0]    INTEDG2_bit
0x0FF1       [0]    INTEDG1_bit
0x0FF1       [0]    INTEDG0_bit
0x0FF2       [0]    GIEH_bit
0x0FF2       [0]    T0IF_bit
0x0FF2       [0]    INT0IF_bit
0x0FF2       [0]    GIE_bit
0x0FF2       [0]    GIEL_bit
0x0FF2       [0]    T0IE_bit
0x0FF2       [0]    INT0IE_bit
0x0FF2       [0]    PEIE_bit
0x0FF2       [0]    TMR0IF_bit
0x0FF2       [0]    INT0F_bit
0x0FF2       [0]    RBIF_bit
0x0FF2       [0]    TMR0IE_bit
0x0FF2       [0]    INT0E_bit
0x0FF2       [0]    RBIE_bit
0x0FF2       [1]    INTCON
0x0FF3       [1]    PRODL
0x0FF3       [2]    PROD
0x0FF4       [1]    PRODH
0x0FF5       [1]    TABLAT
0x0FF6       [1]    TBLPTRL
0x0FF6       [3]    TBLPTR
0x0FF7       [1]    TBLPTRH
0x0FF8       [0]    ACSS_bit
0x0FF8       [0]    TBLPTRU4_bit
0x0FF8       [0]    TBLPTRU0_bit
0x0FF8       [0]    TBLPTRU1_bit
0x0FF8       [0]    TBLPTRU2_bit
0x0FF8       [1]    TBLPTRU
0x0FF8       [0]    TBLPTRU3_bit
0x0FF9       [1]    PC
0x0FF9       [1]    PCL
0x0FFA       [1]    PCLATH
0x0FFB       [0]    PCU0_bit
0x0FFB       [0]    PCU4_bit
0x0FFB       [1]    PCLATU
0x0FFB       [0]    PCU3_bit
0x0FFB       [0]    PCU2_bit
0x0FFB       [0]    PCU1_bit
0x0FFC       [0]    STKUNF_bit
0x0FFC       [0]    STKFUL_bit
0x0FFC       [0]    SP4_bit
0x0FFC       [0]    SP3_bit
0x0FFC       [0]    STKOVF_bit
0x0FFC       [0]    SP0_bit
0x0FFC       [0]    SP1_bit
0x0FFC       [1]    STKPTR
0x0FFC       [0]    SP2_bit
0x0FFD       [1]    TOS
0x0FFD       [1]    TOSL
0x0FFE       [1]    TOSH
0x0FFF       [1]    TOSU
//** Label List: ** 
//----------------------------------------------
  L_main0
  L_main1
  L_main2
  L_main3
  L_main4
  L_main5
  L_main6
  _main
  _CC2D_Loop1
  _CC2DL_Loop1
  L_longjmp2
  ___CC2D
  ___CC2DW
  _____DoIFC
  _Swap
  _setjmp
  _longjmp
  L_UART1_Init0
  L_UART1_Init1
  L_UART1_Read2
  L_UART1_Write3
  L_UART1_Write4
  L_UART1_Write_Text5
  L_UART1_Write_Text6
  L_UART1_Read_Text7
  L_UART1_Read_Text8
  L_UART1_Read_Text9
  L_UART1_Read_Text10
  L_UART1_Read_Text11
  L_UART1_Read_Text12
  L_UART1_Read_Text13
  L_UART1_Read_Text14
  L_UART1_Read_Text15
  _UART1_Init
  _UART1_Data_Ready
  _UART1_Read
  _UART1_Tx_Idle
  _UART1_Write
  _UART1_Write_Text
  _UART1_Read_Text
  _UART_Set_Active
